<?xml version="1.0" encoding="UTF-8"?>
<testng-results ignored="0" total="1" passed="1" failed="0" skipped="0">
  <reporter-output>
  </reporter-output>
  <suite started-at="2023-04-29T16:57:10Z" name="Default suite" finished-at="2023-04-29T16:57:13Z" duration-ms="3892">
    <groups>
    </groups>
    <test started-at="2023-04-29T16:57:10Z" name="Default test" finished-at="2023-04-29T16:57:13Z" duration-ms="3892">
      <class name="com.google.qa.FirstTest">
        <test-method signature="f()[pri:0, instance:com.google.qa.FirstTest@1ab06251]" started-at="2023-04-29T16:57:10Z" name="f" finished-at="2023-04-29T16:57:13Z" duration-ms="3860" status="PASS">
          <reporter-output>
          </reporter-output>
        </test-method> <!-- f -->
      </class> <!-- com.google.qa.FirstTest -->
    </test> <!-- Default test -->
  </suite> <!-- Default suite -->
</testng-results>
